This file contains any messages produced by compilers while
running configure, to aid debugging if configure makes a mistake.

It was created by libsrtp2 configure 2.0.0-pre, which was
generated by GNU Autoconf 2.69.  Invocation command line was

  $ ./configure --enable-openssl --with-openssl-dir=/usr/local/Cellar/openssl/1.0.2g

## --------- ##
## Platform. ##
## --------- ##

hostname = Shaynes-MacBook-Pro.local
uname -m = x86_64
uname -r = 15.4.0
uname -s = Darwin
uname -v = Darwin Kernel Version 15.4.0: Fri Feb 26 22:08:05 PST 2016; root:xnu-3248.40.184~3/RELEASE_X86_64

/usr/bin/uname -p = i386
/bin/uname -X     = unknown

/bin/arch              = unknown
/usr/bin/arch -k       = unknown
/usr/convex/getsysinfo = unknown
/usr/bin/hostinfo      = Mach kernel version:
	 Darwin Kernel Version 15.4.0: Fri Feb 26 22:08:05 PST 2016; root:xnu-3248.40.184~3/RELEASE_X86_64
Kernel configured for up to 8 processors.
4 processors are physically available.
8 processors are logically available.
Processor type: i486 (Intel 80486)
Processors active: 0 1 2 3 4 5 6 7
Primary memory available: 16.00 gigabytes
Default processor set: 251 tasks, 1191 threads, 8 processors
Load average: 1.82, Mach factor: 6.17
/bin/machine           = unknown
/usr/bin/oslevel       = unknown
/bin/universe          = unknown

PATH: /usr/local/Cellar/ant/1.9.4/libexec/bin
PATH: /Users/shayneoneill/Documents/cocos/cocos2d-x-3.4/templates
PATH: /Users/shayneoneill/Documents/cocos/cocos2d-x-3.4/tools/cocos2d-console/bin
PATH: /usr/local/narwhal/bin
PATH: /usr/local/bin
PATH: /usr/local/sbin
PATH: /usr/local/opt/ruby/bin
PATH: /Users/shayneoneill/moai-sdk/release/osx/host-sdl/x64/bin
PATH: /Applications/Marmalade.app/Contents/s3e/bin
PATH: /usr/local/bin
PATH: /usr/bin
PATH: /bin
PATH: /usr/sbin
PATH: /sbin
PATH: /opt/X11/bin
PATH: /usr/texbin


## ----------- ##
## Core tests. ##
## ----------- ##

configure:2426: checking for gcc
configure:2442: found /usr/bin/gcc
configure:2453: result: gcc
configure:2682: checking for C compiler version
configure:2691: gcc --version >&5
Apple LLVM version 7.3.0 (clang-703.0.29)
Target: x86_64-apple-darwin15.4.0
Thread model: posix
InstalledDir: /Library/Developer/CommandLineTools/usr/bin
Configured with: --prefix=/Library/Developer/CommandLineTools/usr --with-gxx-include-dir=/usr/include/c++/4.2.1
configure:2702: $? = 0
configure:2691: gcc -v >&5
Configured with: --prefix=/Library/Developer/CommandLineTools/usr --with-gxx-include-dir=/usr/include/c++/4.2.1
Apple LLVM version 7.3.0 (clang-703.0.29)
Target: x86_64-apple-darwin15.4.0
Thread model: posix
InstalledDir: /Library/Developer/CommandLineTools/usr/bin
configure:2702: $? = 0
configure:2691: gcc -V >&5
clang: error: argument to '-V' is missing (expected 1 value)
clang: error: no input files
configure:2702: $? = 1
configure:2691: gcc -qversion >&5
clang: error: unknown argument: '-qversion'
clang: error: no input files
configure:2702: $? = 1
configure:2722: checking whether the C compiler works
configure:2744: gcc -I/usr/local/include/  -L/usr/local/lib/ conftest.c  >&5
configure:2748: $? = 0
configure:2796: result: yes
configure:2799: checking for C compiler default output file name
configure:2801: result: a.out
configure:2807: checking for suffix of executables
configure:2814: gcc -o conftest -I/usr/local/include/  -L/usr/local/lib/ conftest.c  >&5
configure:2818: $? = 0
configure:2840: result: 
configure:2862: checking whether we are cross compiling
configure:2870: gcc -o conftest -I/usr/local/include/  -L/usr/local/lib/ conftest.c  >&5
configure:2874: $? = 0
configure:2881: ./conftest
configure:2885: $? = 0
configure:2900: result: no
configure:2905: checking for suffix of object files
configure:2927: gcc -c -I/usr/local/include/  conftest.c >&5
configure:2931: $? = 0
configure:2952: result: o
configure:2956: checking whether we are using the GNU C compiler
configure:2975: gcc -c -I/usr/local/include/  conftest.c >&5
configure:2975: $? = 0
configure:2984: result: yes
configure:2993: checking whether gcc accepts -g
configure:3013: gcc -c -g  conftest.c >&5
configure:3013: $? = 0
configure:3054: result: yes
configure:3071: checking for gcc option to accept ISO C89
configure:3134: gcc  -c -I/usr/local/include/  conftest.c >&5
configure:3134: $? = 0
configure:3147: result: none needed
configure:3217: checking for ar
configure:3233: found /usr/bin/ar
configure:3244: result: ar
configure:3270: checking the archiver (ar) interface
configure:3286: gcc -c -I/usr/local/include/  conftest.c >&5
configure:3286: $? = 0
configure:3288: ar cru libconftest.a conftest.o >&5
configure:3291: $? = 0
configure:3319: result: ar
configure:3382: checking for ranlib
configure:3398: found /usr/bin/ranlib
configure:3409: result: ranlib
configure:3479: checking for gcc
configure:3506: result: gcc
configure:3735: checking for C compiler version
configure:3744: gcc --version >&5
Apple LLVM version 7.3.0 (clang-703.0.29)
Target: x86_64-apple-darwin15.4.0
Thread model: posix
InstalledDir: /Library/Developer/CommandLineTools/usr/bin
Configured with: --prefix=/Library/Developer/CommandLineTools/usr --with-gxx-include-dir=/usr/include/c++/4.2.1
configure:3755: $? = 0
configure:3744: gcc -v >&5
Configured with: --prefix=/Library/Developer/CommandLineTools/usr --with-gxx-include-dir=/usr/include/c++/4.2.1
Apple LLVM version 7.3.0 (clang-703.0.29)
Target: x86_64-apple-darwin15.4.0
Thread model: posix
InstalledDir: /Library/Developer/CommandLineTools/usr/bin
configure:3755: $? = 0
configure:3744: gcc -V >&5
clang: error: argument to '-V' is missing (expected 1 value)
clang: error: no input files
configure:3755: $? = 1
configure:3744: gcc -qversion >&5
clang: error: unknown argument: '-qversion'
clang: error: no input files
configure:3755: $? = 1
configure:3759: checking whether we are using the GNU C compiler
configure:3787: result: yes
configure:3796: checking whether gcc accepts -g
configure:3857: result: yes
configure:3874: checking for gcc option to accept ISO C89
configure:3950: result: none needed
configure:4013: checking for a BSD-compatible install
configure:4081: result: /usr/bin/install -c
configure:4098: checking how to run the C preprocessor
configure:4129: gcc -E  conftest.c
configure:4129: $? = 0
configure:4143: gcc -E  conftest.c
conftest.c:9:10: fatal error: 'ac_nonexistent.h' file not found
#include <ac_nonexistent.h>
         ^
1 error generated.
configure:4143: $? = 1
configure: failed program was:
| /* confdefs.h */
| #define PACKAGE_NAME "libsrtp2"
| #define PACKAGE_TARNAME "libsrtp2"
| #define PACKAGE_VERSION "2.0.0-pre"
| #define PACKAGE_STRING "libsrtp2 2.0.0-pre"
| #define PACKAGE_BUGREPORT "https://github.com/cisco/libsrtp/issues"
| #define PACKAGE_URL ""
| /* end confdefs.h.  */
| #include <ac_nonexistent.h>
configure:4168: result: gcc -E
configure:4188: gcc -E  conftest.c
configure:4188: $? = 0
configure:4202: gcc -E  conftest.c
conftest.c:9:10: fatal error: 'ac_nonexistent.h' file not found
#include <ac_nonexistent.h>
         ^
1 error generated.
configure:4202: $? = 1
configure: failed program was:
| /* confdefs.h */
| #define PACKAGE_NAME "libsrtp2"
| #define PACKAGE_TARNAME "libsrtp2"
| #define PACKAGE_VERSION "2.0.0-pre"
| #define PACKAGE_STRING "libsrtp2 2.0.0-pre"
| #define PACKAGE_BUGREPORT "https://github.com/cisco/libsrtp/issues"
| #define PACKAGE_URL ""
| /* end confdefs.h.  */
| #include <ac_nonexistent.h>
configure:4231: checking for grep that handles long lines and -e
configure:4289: result: /usr/bin/grep
configure:4294: checking for egrep
configure:4356: result: /usr/bin/grep -E
configure:4361: checking for ANSI C header files
configure:4381: gcc -c -I/usr/local/include/  conftest.c >&5
configure:4381: $? = 0
configure:4454: gcc -o conftest -I/usr/local/include/  -L/usr/local/lib/ conftest.c  >&5
configure:4454: $? = 0
configure:4454: ./conftest
configure:4454: $? = 0
configure:4465: result: yes
configure:4478: checking for sys/types.h
configure:4478: gcc -c -I/usr/local/include/  conftest.c >&5
configure:4478: $? = 0
configure:4478: result: yes
configure:4478: checking for sys/stat.h
configure:4478: gcc -c -I/usr/local/include/  conftest.c >&5
configure:4478: $? = 0
configure:4478: result: yes
configure:4478: checking for stdlib.h
configure:4478: gcc -c -I/usr/local/include/  conftest.c >&5
configure:4478: $? = 0
configure:4478: result: yes
configure:4478: checking for string.h
configure:4478: gcc -c -I/usr/local/include/  conftest.c >&5
configure:4478: $? = 0
configure:4478: result: yes
configure:4478: checking for memory.h
configure:4478: gcc -c -I/usr/local/include/  conftest.c >&5
configure:4478: $? = 0
configure:4478: result: yes
configure:4478: checking for strings.h
configure:4478: gcc -c -I/usr/local/include/  conftest.c >&5
configure:4478: $? = 0
configure:4478: result: yes
configure:4478: checking for inttypes.h
configure:4478: gcc -c -I/usr/local/include/  conftest.c >&5
configure:4478: $? = 0
configure:4478: result: yes
configure:4478: checking for stdint.h
configure:4478: gcc -c -I/usr/local/include/  conftest.c >&5
configure:4478: $? = 0
configure:4478: result: yes
configure:4478: checking for unistd.h
configure:4478: gcc -c -I/usr/local/include/  conftest.c >&5
configure:4478: $? = 0
configure:4478: result: yes
configure:4490: checking whether byte ordering is bigendian
configure:4505: gcc -c -I/usr/local/include/  conftest.c >&5
configure:4505: $? = 0
configure:4550: gcc -c -I/usr/local/include/  conftest.c >&5
configure:4550: $? = 0
configure:4568: gcc -c -I/usr/local/include/  conftest.c >&5
conftest.c:26:4: error: use of undeclared identifier 'not'
                 not big endian
                 ^
1 error generated.
configure:4568: $? = 1
configure: failed program was:
| /* confdefs.h */
| #define PACKAGE_NAME "libsrtp2"
| #define PACKAGE_TARNAME "libsrtp2"
| #define PACKAGE_VERSION "2.0.0-pre"
| #define PACKAGE_STRING "libsrtp2 2.0.0-pre"
| #define PACKAGE_BUGREPORT "https://github.com/cisco/libsrtp/issues"
| #define PACKAGE_URL ""
| #define STDC_HEADERS 1
| #define HAVE_SYS_TYPES_H 1
| #define HAVE_SYS_STAT_H 1
| #define HAVE_STDLIB_H 1
| #define HAVE_STRING_H 1
| #define HAVE_MEMORY_H 1
| #define HAVE_STRINGS_H 1
| #define HAVE_INTTYPES_H 1
| #define HAVE_STDINT_H 1
| #define HAVE_UNISTD_H 1
| /* end confdefs.h.  */
| #include <sys/types.h>
| 		#include <sys/param.h>
| 
| int
| main ()
| {
| #if BYTE_ORDER != BIG_ENDIAN
| 		 not big endian
| 		#endif
| 
|   ;
|   return 0;
| }
configure:4696: result: no
configure:4719: checking build system type
configure:4733: result: x86_64-apple-darwin15.4.0
configure:4753: checking host system type
configure:4766: result: x86_64-apple-darwin15.4.0
configure:4814: checking for ANSI C header files
configure:4918: result: yes
configure:4928: checking for stdlib.h
configure:4928: result: yes
configure:4940: checking for unistd.h
configure:4940: result: yes
configure:4952: checking byteswap.h usability
configure:4952: gcc -c -I/usr/local/include/  conftest.c >&5
conftest.c:57:10: fatal error: 'byteswap.h' file not found
#include <byteswap.h>
         ^
1 error generated.
configure:4952: $? = 1
configure: failed program was:
| /* confdefs.h */
| #define PACKAGE_NAME "libsrtp2"
| #define PACKAGE_TARNAME "libsrtp2"
| #define PACKAGE_VERSION "2.0.0-pre"
| #define PACKAGE_STRING "libsrtp2 2.0.0-pre"
| #define PACKAGE_BUGREPORT "https://github.com/cisco/libsrtp/issues"
| #define PACKAGE_URL ""
| #define STDC_HEADERS 1
| #define HAVE_SYS_TYPES_H 1
| #define HAVE_SYS_STAT_H 1
| #define HAVE_STDLIB_H 1
| #define HAVE_STRING_H 1
| #define HAVE_MEMORY_H 1
| #define HAVE_STRINGS_H 1
| #define HAVE_INTTYPES_H 1
| #define HAVE_STDINT_H 1
| #define HAVE_UNISTD_H 1
| #define CPU_CISC 1
| #define HAVE_X86 1
| #define STDC_HEADERS 1
| #define HAVE_STDLIB_H 1
| #define HAVE_UNISTD_H 1
| /* end confdefs.h.  */
| #include <stdio.h>
| #ifdef HAVE_SYS_TYPES_H
| # include <sys/types.h>
| #endif
| #ifdef HAVE_SYS_STAT_H
| # include <sys/stat.h>
| #endif
| #ifdef STDC_HEADERS
| # include <stdlib.h>
| # include <stddef.h>
| #else
| # ifdef HAVE_STDLIB_H
| #  include <stdlib.h>
| # endif
| #endif
| #ifdef HAVE_STRING_H
| # if !defined STDC_HEADERS && defined HAVE_MEMORY_H
| #  include <memory.h>
| # endif
| # include <string.h>
| #endif
| #ifdef HAVE_STRINGS_H
| # include <strings.h>
| #endif
| #ifdef HAVE_INTTYPES_H
| # include <inttypes.h>
| #endif
| #ifdef HAVE_STDINT_H
| # include <stdint.h>
| #endif
| #ifdef HAVE_UNISTD_H
| # include <unistd.h>
| #endif
| #include <byteswap.h>
configure:4952: result: no
configure:4952: checking byteswap.h presence
configure:4952: gcc -E  conftest.c
conftest.c:24:10: fatal error: 'byteswap.h' file not found
#include <byteswap.h>
         ^
1 error generated.
configure:4952: $? = 1
configure: failed program was:
| /* confdefs.h */
| #define PACKAGE_NAME "libsrtp2"
| #define PACKAGE_TARNAME "libsrtp2"
| #define PACKAGE_VERSION "2.0.0-pre"
| #define PACKAGE_STRING "libsrtp2 2.0.0-pre"
| #define PACKAGE_BUGREPORT "https://github.com/cisco/libsrtp/issues"
| #define PACKAGE_URL ""
| #define STDC_HEADERS 1
| #define HAVE_SYS_TYPES_H 1
| #define HAVE_SYS_STAT_H 1
| #define HAVE_STDLIB_H 1
| #define HAVE_STRING_H 1
| #define HAVE_MEMORY_H 1
| #define HAVE_STRINGS_H 1
| #define HAVE_INTTYPES_H 1
| #define HAVE_STDINT_H 1
| #define HAVE_UNISTD_H 1
| #define CPU_CISC 1
| #define HAVE_X86 1
| #define STDC_HEADERS 1
| #define HAVE_STDLIB_H 1
| #define HAVE_UNISTD_H 1
| /* end confdefs.h.  */
| #include <byteswap.h>
configure:4952: result: no
configure:4952: checking for byteswap.h
configure:4952: result: no
configure:4964: checking for stdint.h
configure:4964: result: yes
configure:4976: checking sys/uio.h usability
configure:4976: gcc -c -I/usr/local/include/  conftest.c >&5
configure:4976: $? = 0
configure:4976: result: yes
configure:4976: checking sys/uio.h presence
configure:4976: gcc -E  conftest.c
configure:4976: $? = 0
configure:4976: result: yes
configure:4976: checking for sys/uio.h
configure:4976: result: yes
configure:4988: checking for inttypes.h
configure:4988: result: yes
configure:5000: checking for sys/types.h
configure:5000: result: yes
configure:5012: checking machine/types.h usability
configure:5012: gcc -c -I/usr/local/include/  conftest.c >&5
configure:5012: $? = 0
configure:5012: result: yes
configure:5012: checking machine/types.h presence
configure:5012: gcc -E  conftest.c
configure:5012: $? = 0
configure:5012: result: yes
configure:5012: checking for machine/types.h
configure:5012: result: yes
configure:5024: checking sys/int_types.h usability
configure:5024: gcc -c -I/usr/local/include/  conftest.c >&5
conftest.c:62:10: fatal error: 'sys/int_types.h' file not found
#include <sys/int_types.h>
         ^
1 error generated.
configure:5024: $? = 1
configure: failed program was:
| /* confdefs.h */
| #define PACKAGE_NAME "libsrtp2"
| #define PACKAGE_TARNAME "libsrtp2"
| #define PACKAGE_VERSION "2.0.0-pre"
| #define PACKAGE_STRING "libsrtp2 2.0.0-pre"
| #define PACKAGE_BUGREPORT "https://github.com/cisco/libsrtp/issues"
| #define PACKAGE_URL ""
| #define STDC_HEADERS 1
| #define HAVE_SYS_TYPES_H 1
| #define HAVE_SYS_STAT_H 1
| #define HAVE_STDLIB_H 1
| #define HAVE_STRING_H 1
| #define HAVE_MEMORY_H 1
| #define HAVE_STRINGS_H 1
| #define HAVE_INTTYPES_H 1
| #define HAVE_STDINT_H 1
| #define HAVE_UNISTD_H 1
| #define CPU_CISC 1
| #define HAVE_X86 1
| #define STDC_HEADERS 1
| #define HAVE_STDLIB_H 1
| #define HAVE_UNISTD_H 1
| #define HAVE_STDINT_H 1
| #define HAVE_SYS_UIO_H 1
| #define HAVE_INTTYPES_H 1
| #define HAVE_SYS_TYPES_H 1
| #define HAVE_MACHINE_TYPES_H 1
| /* end confdefs.h.  */
| #include <stdio.h>
| #ifdef HAVE_SYS_TYPES_H
| # include <sys/types.h>
| #endif
| #ifdef HAVE_SYS_STAT_H
| # include <sys/stat.h>
| #endif
| #ifdef STDC_HEADERS
| # include <stdlib.h>
| # include <stddef.h>
| #else
| # ifdef HAVE_STDLIB_H
| #  include <stdlib.h>
| # endif
| #endif
| #ifdef HAVE_STRING_H
| # if !defined STDC_HEADERS && defined HAVE_MEMORY_H
| #  include <memory.h>
| # endif
| # include <string.h>
| #endif
| #ifdef HAVE_STRINGS_H
| # include <strings.h>
| #endif
| #ifdef HAVE_INTTYPES_H
| # include <inttypes.h>
| #endif
| #ifdef HAVE_STDINT_H
| # include <stdint.h>
| #endif
| #ifdef HAVE_UNISTD_H
| # include <unistd.h>
| #endif
| #include <sys/int_types.h>
configure:5024: result: no
configure:5024: checking sys/int_types.h presence
configure:5024: gcc -E  conftest.c
conftest.c:29:10: fatal error: 'sys/int_types.h' file not found
#include <sys/int_types.h>
         ^
1 error generated.
configure:5024: $? = 1
configure: failed program was:
| /* confdefs.h */
| #define PACKAGE_NAME "libsrtp2"
| #define PACKAGE_TARNAME "libsrtp2"
| #define PACKAGE_VERSION "2.0.0-pre"
| #define PACKAGE_STRING "libsrtp2 2.0.0-pre"
| #define PACKAGE_BUGREPORT "https://github.com/cisco/libsrtp/issues"
| #define PACKAGE_URL ""
| #define STDC_HEADERS 1
| #define HAVE_SYS_TYPES_H 1
| #define HAVE_SYS_STAT_H 1
| #define HAVE_STDLIB_H 1
| #define HAVE_STRING_H 1
| #define HAVE_MEMORY_H 1
| #define HAVE_STRINGS_H 1
| #define HAVE_INTTYPES_H 1
| #define HAVE_STDINT_H 1
| #define HAVE_UNISTD_H 1
| #define CPU_CISC 1
| #define HAVE_X86 1
| #define STDC_HEADERS 1
| #define HAVE_STDLIB_H 1
| #define HAVE_UNISTD_H 1
| #define HAVE_STDINT_H 1
| #define HAVE_SYS_UIO_H 1
| #define HAVE_INTTYPES_H 1
| #define HAVE_SYS_TYPES_H 1
| #define HAVE_MACHINE_TYPES_H 1
| /* end confdefs.h.  */
| #include <sys/int_types.h>
configure:5024: result: no
configure:5024: checking for sys/int_types.h
configure:5024: result: no
configure:5038: checking sys/socket.h usability
configure:5038: gcc -c -I/usr/local/include/  conftest.c >&5
configure:5038: $? = 0
configure:5038: result: yes
configure:5038: checking sys/socket.h presence
configure:5038: gcc -E  conftest.c
configure:5038: $? = 0
configure:5038: result: yes
configure:5038: checking for sys/socket.h
configure:5038: result: yes
configure:5038: checking netinet/in.h usability
configure:5038: gcc -c -I/usr/local/include/  conftest.c >&5
configure:5038: $? = 0
configure:5038: result: yes
configure:5038: checking netinet/in.h presence
configure:5038: gcc -E  conftest.c
configure:5038: $? = 0
configure:5038: result: yes
configure:5038: checking for netinet/in.h
configure:5038: result: yes
configure:5038: checking arpa/inet.h usability
configure:5038: gcc -c -I/usr/local/include/  conftest.c >&5
configure:5038: $? = 0
configure:5038: result: yes
configure:5038: checking arpa/inet.h presence
configure:5038: gcc -E  conftest.c
configure:5038: $? = 0
configure:5038: result: yes
configure:5038: checking for arpa/inet.h
configure:5038: result: yes
configure:5050: checking windows.h usability
configure:5050: gcc -c -I/usr/local/include/  conftest.c >&5
conftest.c:65:10: fatal error: 'windows.h' file not found
#include <windows.h>
         ^
1 error generated.
configure:5050: $? = 1
configure: failed program was:
| /* confdefs.h */
| #define PACKAGE_NAME "libsrtp2"
| #define PACKAGE_TARNAME "libsrtp2"
| #define PACKAGE_VERSION "2.0.0-pre"
| #define PACKAGE_STRING "libsrtp2 2.0.0-pre"
| #define PACKAGE_BUGREPORT "https://github.com/cisco/libsrtp/issues"
| #define PACKAGE_URL ""
| #define STDC_HEADERS 1
| #define HAVE_SYS_TYPES_H 1
| #define HAVE_SYS_STAT_H 1
| #define HAVE_STDLIB_H 1
| #define HAVE_STRING_H 1
| #define HAVE_MEMORY_H 1
| #define HAVE_STRINGS_H 1
| #define HAVE_INTTYPES_H 1
| #define HAVE_STDINT_H 1
| #define HAVE_UNISTD_H 1
| #define CPU_CISC 1
| #define HAVE_X86 1
| #define STDC_HEADERS 1
| #define HAVE_STDLIB_H 1
| #define HAVE_UNISTD_H 1
| #define HAVE_STDINT_H 1
| #define HAVE_SYS_UIO_H 1
| #define HAVE_INTTYPES_H 1
| #define HAVE_SYS_TYPES_H 1
| #define HAVE_MACHINE_TYPES_H 1
| #define HAVE_SYS_SOCKET_H 1
| #define HAVE_NETINET_IN_H 1
| #define HAVE_ARPA_INET_H 1
| /* end confdefs.h.  */
| #include <stdio.h>
| #ifdef HAVE_SYS_TYPES_H
| # include <sys/types.h>
| #endif
| #ifdef HAVE_SYS_STAT_H
| # include <sys/stat.h>
| #endif
| #ifdef STDC_HEADERS
| # include <stdlib.h>
| # include <stddef.h>
| #else
| # ifdef HAVE_STDLIB_H
| #  include <stdlib.h>
| # endif
| #endif
| #ifdef HAVE_STRING_H
| # if !defined STDC_HEADERS && defined HAVE_MEMORY_H
| #  include <memory.h>
| # endif
| # include <string.h>
| #endif
| #ifdef HAVE_STRINGS_H
| # include <strings.h>
| #endif
| #ifdef HAVE_INTTYPES_H
| # include <inttypes.h>
| #endif
| #ifdef HAVE_STDINT_H
| # include <stdint.h>
| #endif
| #ifdef HAVE_UNISTD_H
| # include <unistd.h>
| #endif
| #include <windows.h>
configure:5050: result: no
configure:5050: checking windows.h presence
configure:5050: gcc -E  conftest.c
conftest.c:32:10: fatal error: 'windows.h' file not found
#include <windows.h>
         ^
1 error generated.
configure:5050: $? = 1
configure: failed program was:
| /* confdefs.h */
| #define PACKAGE_NAME "libsrtp2"
| #define PACKAGE_TARNAME "libsrtp2"
| #define PACKAGE_VERSION "2.0.0-pre"
| #define PACKAGE_STRING "libsrtp2 2.0.0-pre"
| #define PACKAGE_BUGREPORT "https://github.com/cisco/libsrtp/issues"
| #define PACKAGE_URL ""
| #define STDC_HEADERS 1
| #define HAVE_SYS_TYPES_H 1
| #define HAVE_SYS_STAT_H 1
| #define HAVE_STDLIB_H 1
| #define HAVE_STRING_H 1
| #define HAVE_MEMORY_H 1
| #define HAVE_STRINGS_H 1
| #define HAVE_INTTYPES_H 1
| #define HAVE_STDINT_H 1
| #define HAVE_UNISTD_H 1
| #define CPU_CISC 1
| #define HAVE_X86 1
| #define STDC_HEADERS 1
| #define HAVE_STDLIB_H 1
| #define HAVE_UNISTD_H 1
| #define HAVE_STDINT_H 1
| #define HAVE_SYS_UIO_H 1
| #define HAVE_INTTYPES_H 1
| #define HAVE_SYS_TYPES_H 1
| #define HAVE_MACHINE_TYPES_H 1
| #define HAVE_SYS_SOCKET_H 1
| #define HAVE_NETINET_IN_H 1
| #define HAVE_ARPA_INET_H 1
| /* end confdefs.h.  */
| #include <windows.h>
configure:5050: result: no
configure:5050: checking for windows.h
configure:5050: result: no
configure:5072: checking for int8_t
configure:5072: gcc -c -I/usr/local/include/  conftest.c >&5
configure:5072: $? = 0
configure:5072: gcc -c -I/usr/local/include/  conftest.c >&5
conftest.c:68:21: error: expected expression
if (sizeof ((int8_t)))
                    ^
1 error generated.
configure:5072: $? = 1
configure: failed program was:
| /* confdefs.h */
| #define PACKAGE_NAME "libsrtp2"
| #define PACKAGE_TARNAME "libsrtp2"
| #define PACKAGE_VERSION "2.0.0-pre"
| #define PACKAGE_STRING "libsrtp2 2.0.0-pre"
| #define PACKAGE_BUGREPORT "https://github.com/cisco/libsrtp/issues"
| #define PACKAGE_URL ""
| #define STDC_HEADERS 1
| #define HAVE_SYS_TYPES_H 1
| #define HAVE_SYS_STAT_H 1
| #define HAVE_STDLIB_H 1
| #define HAVE_STRING_H 1
| #define HAVE_MEMORY_H 1
| #define HAVE_STRINGS_H 1
| #define HAVE_INTTYPES_H 1
| #define HAVE_STDINT_H 1
| #define HAVE_UNISTD_H 1
| #define CPU_CISC 1
| #define HAVE_X86 1
| #define STDC_HEADERS 1
| #define HAVE_STDLIB_H 1
| #define HAVE_UNISTD_H 1
| #define HAVE_STDINT_H 1
| #define HAVE_SYS_UIO_H 1
| #define HAVE_INTTYPES_H 1
| #define HAVE_SYS_TYPES_H 1
| #define HAVE_MACHINE_TYPES_H 1
| #define HAVE_SYS_SOCKET_H 1
| #define HAVE_NETINET_IN_H 1
| #define HAVE_ARPA_INET_H 1
| /* end confdefs.h.  */
| #include <stdio.h>
| #ifdef HAVE_SYS_TYPES_H
| # include <sys/types.h>
| #endif
| #ifdef HAVE_SYS_STAT_H
| # include <sys/stat.h>
| #endif
| #ifdef STDC_HEADERS
| # include <stdlib.h>
| # include <stddef.h>
| #else
| # ifdef HAVE_STDLIB_H
| #  include <stdlib.h>
| # endif
| #endif
| #ifdef HAVE_STRING_H
| # if !defined STDC_HEADERS && defined HAVE_MEMORY_H
| #  include <memory.h>
| # endif
| # include <string.h>
| #endif
| #ifdef HAVE_STRINGS_H
| # include <strings.h>
| #endif
| #ifdef HAVE_INTTYPES_H
| # include <inttypes.h>
| #endif
| #ifdef HAVE_STDINT_H
| # include <stdint.h>
| #endif
| #ifdef HAVE_UNISTD_H
| # include <unistd.h>
| #endif
| int
| main ()
| {
| if (sizeof ((int8_t)))
| 	    return 0;
|   ;
|   return 0;
| }
configure:5072: result: yes
configure:5081: checking for uint8_t
configure:5081: gcc -c -I/usr/local/include/  conftest.c >&5
configure:5081: $? = 0
configure:5081: gcc -c -I/usr/local/include/  conftest.c >&5
conftest.c:69:22: error: expected expression
if (sizeof ((uint8_t)))
                     ^
1 error generated.
configure:5081: $? = 1
configure: failed program was:
| /* confdefs.h */
| #define PACKAGE_NAME "libsrtp2"
| #define PACKAGE_TARNAME "libsrtp2"
| #define PACKAGE_VERSION "2.0.0-pre"
| #define PACKAGE_STRING "libsrtp2 2.0.0-pre"
| #define PACKAGE_BUGREPORT "https://github.com/cisco/libsrtp/issues"
| #define PACKAGE_URL ""
| #define STDC_HEADERS 1
| #define HAVE_SYS_TYPES_H 1
| #define HAVE_SYS_STAT_H 1
| #define HAVE_STDLIB_H 1
| #define HAVE_STRING_H 1
| #define HAVE_MEMORY_H 1
| #define HAVE_STRINGS_H 1
| #define HAVE_INTTYPES_H 1
| #define HAVE_STDINT_H 1
| #define HAVE_UNISTD_H 1
| #define CPU_CISC 1
| #define HAVE_X86 1
| #define STDC_HEADERS 1
| #define HAVE_STDLIB_H 1
| #define HAVE_UNISTD_H 1
| #define HAVE_STDINT_H 1
| #define HAVE_SYS_UIO_H 1
| #define HAVE_INTTYPES_H 1
| #define HAVE_SYS_TYPES_H 1
| #define HAVE_MACHINE_TYPES_H 1
| #define HAVE_SYS_SOCKET_H 1
| #define HAVE_NETINET_IN_H 1
| #define HAVE_ARPA_INET_H 1
| #define HAVE_INT8_T 1
| /* end confdefs.h.  */
| #include <stdio.h>
| #ifdef HAVE_SYS_TYPES_H
| # include <sys/types.h>
| #endif
| #ifdef HAVE_SYS_STAT_H
| # include <sys/stat.h>
| #endif
| #ifdef STDC_HEADERS
| # include <stdlib.h>
| # include <stddef.h>
| #else
| # ifdef HAVE_STDLIB_H
| #  include <stdlib.h>
| # endif
| #endif
| #ifdef HAVE_STRING_H
| # if !defined STDC_HEADERS && defined HAVE_MEMORY_H
| #  include <memory.h>
| # endif
| # include <string.h>
| #endif
| #ifdef HAVE_STRINGS_H
| # include <strings.h>
| #endif
| #ifdef HAVE_INTTYPES_H
| # include <inttypes.h>
| #endif
| #ifdef HAVE_STDINT_H
| # include <stdint.h>
| #endif
| #ifdef HAVE_UNISTD_H
| # include <unistd.h>
| #endif
| int
| main ()
| {
| if (sizeof ((uint8_t)))
| 	    return 0;
|   ;
|   return 0;
| }
configure:5081: result: yes
configure:5090: checking for int16_t
configure:5090: gcc -c -I/usr/local/include/  conftest.c >&5
configure:5090: $? = 0
configure:5090: gcc -c -I/usr/local/include/  conftest.c >&5
conftest.c:70:22: error: expected expression
if (sizeof ((int16_t)))
                     ^
1 error generated.
configure:5090: $? = 1
configure: failed program was:
| /* confdefs.h */
| #define PACKAGE_NAME "libsrtp2"
| #define PACKAGE_TARNAME "libsrtp2"
| #define PACKAGE_VERSION "2.0.0-pre"
| #define PACKAGE_STRING "libsrtp2 2.0.0-pre"
| #define PACKAGE_BUGREPORT "https://github.com/cisco/libsrtp/issues"
| #define PACKAGE_URL ""
| #define STDC_HEADERS 1
| #define HAVE_SYS_TYPES_H 1
| #define HAVE_SYS_STAT_H 1
| #define HAVE_STDLIB_H 1
| #define HAVE_STRING_H 1
| #define HAVE_MEMORY_H 1
| #define HAVE_STRINGS_H 1
| #define HAVE_INTTYPES_H 1
| #define HAVE_STDINT_H 1
| #define HAVE_UNISTD_H 1
| #define CPU_CISC 1
| #define HAVE_X86 1
| #define STDC_HEADERS 1
| #define HAVE_STDLIB_H 1
| #define HAVE_UNISTD_H 1
| #define HAVE_STDINT_H 1
| #define HAVE_SYS_UIO_H 1
| #define HAVE_INTTYPES_H 1
| #define HAVE_SYS_TYPES_H 1
| #define HAVE_MACHINE_TYPES_H 1
| #define HAVE_SYS_SOCKET_H 1
| #define HAVE_NETINET_IN_H 1
| #define HAVE_ARPA_INET_H 1
| #define HAVE_INT8_T 1
| #define HAVE_UINT8_T 1
| /* end confdefs.h.  */
| #include <stdio.h>
| #ifdef HAVE_SYS_TYPES_H
| # include <sys/types.h>
| #endif
| #ifdef HAVE_SYS_STAT_H
| # include <sys/stat.h>
| #endif
| #ifdef STDC_HEADERS
| # include <stdlib.h>
| # include <stddef.h>
| #else
| # ifdef HAVE_STDLIB_H
| #  include <stdlib.h>
| # endif
| #endif
| #ifdef HAVE_STRING_H
| # if !defined STDC_HEADERS && defined HAVE_MEMORY_H
| #  include <memory.h>
| # endif
| # include <string.h>
| #endif
| #ifdef HAVE_STRINGS_H
| # include <strings.h>
| #endif
| #ifdef HAVE_INTTYPES_H
| # include <inttypes.h>
| #endif
| #ifdef HAVE_STDINT_H
| # include <stdint.h>
| #endif
| #ifdef HAVE_UNISTD_H
| # include <unistd.h>
| #endif
| int
| main ()
| {
| if (sizeof ((int16_t)))
| 	    return 0;
|   ;
|   return 0;
| }
configure:5090: result: yes
configure:5099: checking for uint16_t
configure:5099: gcc -c -I/usr/local/include/  conftest.c >&5
configure:5099: $? = 0
configure:5099: gcc -c -I/usr/local/include/  conftest.c >&5
conftest.c:71:23: error: expected expression
if (sizeof ((uint16_t)))
                      ^
1 error generated.
configure:5099: $? = 1
configure: failed program was:
| /* confdefs.h */
| #define PACKAGE_NAME "libsrtp2"
| #define PACKAGE_TARNAME "libsrtp2"
| #define PACKAGE_VERSION "2.0.0-pre"
| #define PACKAGE_STRING "libsrtp2 2.0.0-pre"
| #define PACKAGE_BUGREPORT "https://github.com/cisco/libsrtp/issues"
| #define PACKAGE_URL ""
| #define STDC_HEADERS 1
| #define HAVE_SYS_TYPES_H 1
| #define HAVE_SYS_STAT_H 1
| #define HAVE_STDLIB_H 1
| #define HAVE_STRING_H 1
| #define HAVE_MEMORY_H 1
| #define HAVE_STRINGS_H 1
| #define HAVE_INTTYPES_H 1
| #define HAVE_STDINT_H 1
| #define HAVE_UNISTD_H 1
| #define CPU_CISC 1
| #define HAVE_X86 1
| #define STDC_HEADERS 1
| #define HAVE_STDLIB_H 1
| #define HAVE_UNISTD_H 1
| #define HAVE_STDINT_H 1
| #define HAVE_SYS_UIO_H 1
| #define HAVE_INTTYPES_H 1
| #define HAVE_SYS_TYPES_H 1
| #define HAVE_MACHINE_TYPES_H 1
| #define HAVE_SYS_SOCKET_H 1
| #define HAVE_NETINET_IN_H 1
| #define HAVE_ARPA_INET_H 1
| #define HAVE_INT8_T 1
| #define HAVE_UINT8_T 1
| #define HAVE_INT16_T 1
| /* end confdefs.h.  */
| #include <stdio.h>
| #ifdef HAVE_SYS_TYPES_H
| # include <sys/types.h>
| #endif
| #ifdef HAVE_SYS_STAT_H
| # include <sys/stat.h>
| #endif
| #ifdef STDC_HEADERS
| # include <stdlib.h>
| # include <stddef.h>
| #else
| # ifdef HAVE_STDLIB_H
| #  include <stdlib.h>
| # endif
| #endif
| #ifdef HAVE_STRING_H
| # if !defined STDC_HEADERS && defined HAVE_MEMORY_H
| #  include <memory.h>
| # endif
| # include <string.h>
| #endif
| #ifdef HAVE_STRINGS_H
| # include <strings.h>
| #endif
| #ifdef HAVE_INTTYPES_H
| # include <inttypes.h>
| #endif
| #ifdef HAVE_STDINT_H
| # include <stdint.h>
| #endif
| #ifdef HAVE_UNISTD_H
| # include <unistd.h>
| #endif
| int
| main ()
| {
| if (sizeof ((uint16_t)))
| 	    return 0;
|   ;
|   return 0;
| }
configure:5099: result: yes
configure:5108: checking for int32_t
configure:5108: gcc -c -I/usr/local/include/  conftest.c >&5
configure:5108: $? = 0
configure:5108: gcc -c -I/usr/local/include/  conftest.c >&5
conftest.c:72:22: error: expected expression
if (sizeof ((int32_t)))
                     ^
1 error generated.
configure:5108: $? = 1
configure: failed program was:
| /* confdefs.h */
| #define PACKAGE_NAME "libsrtp2"
| #define PACKAGE_TARNAME "libsrtp2"
| #define PACKAGE_VERSION "2.0.0-pre"
| #define PACKAGE_STRING "libsrtp2 2.0.0-pre"
| #define PACKAGE_BUGREPORT "https://github.com/cisco/libsrtp/issues"
| #define PACKAGE_URL ""
| #define STDC_HEADERS 1
| #define HAVE_SYS_TYPES_H 1
| #define HAVE_SYS_STAT_H 1
| #define HAVE_STDLIB_H 1
| #define HAVE_STRING_H 1
| #define HAVE_MEMORY_H 1
| #define HAVE_STRINGS_H 1
| #define HAVE_INTTYPES_H 1
| #define HAVE_STDINT_H 1
| #define HAVE_UNISTD_H 1
| #define CPU_CISC 1
| #define HAVE_X86 1
| #define STDC_HEADERS 1
| #define HAVE_STDLIB_H 1
| #define HAVE_UNISTD_H 1
| #define HAVE_STDINT_H 1
| #define HAVE_SYS_UIO_H 1
| #define HAVE_INTTYPES_H 1
| #define HAVE_SYS_TYPES_H 1
| #define HAVE_MACHINE_TYPES_H 1
| #define HAVE_SYS_SOCKET_H 1
| #define HAVE_NETINET_IN_H 1
| #define HAVE_ARPA_INET_H 1
| #define HAVE_INT8_T 1
| #define HAVE_UINT8_T 1
| #define HAVE_INT16_T 1
| #define HAVE_UINT16_T 1
| /* end confdefs.h.  */
| #include <stdio.h>
| #ifdef HAVE_SYS_TYPES_H
| # include <sys/types.h>
| #endif
| #ifdef HAVE_SYS_STAT_H
| # include <sys/stat.h>
| #endif
| #ifdef STDC_HEADERS
| # include <stdlib.h>
| # include <stddef.h>
| #else
| # ifdef HAVE_STDLIB_H
| #  include <stdlib.h>
| # endif
| #endif
| #ifdef HAVE_STRING_H
| # if !defined STDC_HEADERS && defined HAVE_MEMORY_H
| #  include <memory.h>
| # endif
| # include <string.h>
| #endif
| #ifdef HAVE_STRINGS_H
| # include <strings.h>
| #endif
| #ifdef HAVE_INTTYPES_H
| # include <inttypes.h>
| #endif
| #ifdef HAVE_STDINT_H
| # include <stdint.h>
| #endif
| #ifdef HAVE_UNISTD_H
| # include <unistd.h>
| #endif
| int
| main ()
| {
| if (sizeof ((int32_t)))
| 	    return 0;
|   ;
|   return 0;
| }
configure:5108: result: yes
configure:5117: checking for uint32_t
configure:5117: gcc -c -I/usr/local/include/  conftest.c >&5
configure:5117: $? = 0
configure:5117: gcc -c -I/usr/local/include/  conftest.c >&5
conftest.c:73:23: error: expected expression
if (sizeof ((uint32_t)))
                      ^
1 error generated.
configure:5117: $? = 1
configure: failed program was:
| /* confdefs.h */
| #define PACKAGE_NAME "libsrtp2"
| #define PACKAGE_TARNAME "libsrtp2"
| #define PACKAGE_VERSION "2.0.0-pre"
| #define PACKAGE_STRING "libsrtp2 2.0.0-pre"
| #define PACKAGE_BUGREPORT "https://github.com/cisco/libsrtp/issues"
| #define PACKAGE_URL ""
| #define STDC_HEADERS 1
| #define HAVE_SYS_TYPES_H 1
| #define HAVE_SYS_STAT_H 1
| #define HAVE_STDLIB_H 1
| #define HAVE_STRING_H 1
| #define HAVE_MEMORY_H 1
| #define HAVE_STRINGS_H 1
| #define HAVE_INTTYPES_H 1
| #define HAVE_STDINT_H 1
| #define HAVE_UNISTD_H 1
| #define CPU_CISC 1
| #define HAVE_X86 1
| #define STDC_HEADERS 1
| #define HAVE_STDLIB_H 1
| #define HAVE_UNISTD_H 1
| #define HAVE_STDINT_H 1
| #define HAVE_SYS_UIO_H 1
| #define HAVE_INTTYPES_H 1
| #define HAVE_SYS_TYPES_H 1
| #define HAVE_MACHINE_TYPES_H 1
| #define HAVE_SYS_SOCKET_H 1
| #define HAVE_NETINET_IN_H 1
| #define HAVE_ARPA_INET_H 1
| #define HAVE_INT8_T 1
| #define HAVE_UINT8_T 1
| #define HAVE_INT16_T 1
| #define HAVE_UINT16_T 1
| #define HAVE_INT32_T 1
| /* end confdefs.h.  */
| #include <stdio.h>
| #ifdef HAVE_SYS_TYPES_H
| # include <sys/types.h>
| #endif
| #ifdef HAVE_SYS_STAT_H
| # include <sys/stat.h>
| #endif
| #ifdef STDC_HEADERS
| # include <stdlib.h>
| # include <stddef.h>
| #else
| # ifdef HAVE_STDLIB_H
| #  include <stdlib.h>
| # endif
| #endif
| #ifdef HAVE_STRING_H
| # if !defined STDC_HEADERS && defined HAVE_MEMORY_H
| #  include <memory.h>
| # endif
| # include <string.h>
| #endif
| #ifdef HAVE_STRINGS_H
| # include <strings.h>
| #endif
| #ifdef HAVE_INTTYPES_H
| # include <inttypes.h>
| #endif
| #ifdef HAVE_STDINT_H
| # include <stdint.h>
| #endif
| #ifdef HAVE_UNISTD_H
| # include <unistd.h>
| #endif
| int
| main ()
| {
| if (sizeof ((uint32_t)))
| 	    return 0;
|   ;
|   return 0;
| }
configure:5117: result: yes
configure:5126: checking for uint64_t
configure:5126: gcc -c -I/usr/local/include/  conftest.c >&5
configure:5126: $? = 0
configure:5126: gcc -c -I/usr/local/include/  conftest.c >&5
conftest.c:74:23: error: expected expression
if (sizeof ((uint64_t)))
                      ^
1 error generated.
configure:5126: $? = 1
configure: failed program was:
| /* confdefs.h */
| #define PACKAGE_NAME "libsrtp2"
| #define PACKAGE_TARNAME "libsrtp2"
| #define PACKAGE_VERSION "2.0.0-pre"
| #define PACKAGE_STRING "libsrtp2 2.0.0-pre"
| #define PACKAGE_BUGREPORT "https://github.com/cisco/libsrtp/issues"
| #define PACKAGE_URL ""
| #define STDC_HEADERS 1
| #define HAVE_SYS_TYPES_H 1
| #define HAVE_SYS_STAT_H 1
| #define HAVE_STDLIB_H 1
| #define HAVE_STRING_H 1
| #define HAVE_MEMORY_H 1
| #define HAVE_STRINGS_H 1
| #define HAVE_INTTYPES_H 1
| #define HAVE_STDINT_H 1
| #define HAVE_UNISTD_H 1
| #define CPU_CISC 1
| #define HAVE_X86 1
| #define STDC_HEADERS 1
| #define HAVE_STDLIB_H 1
| #define HAVE_UNISTD_H 1
| #define HAVE_STDINT_H 1
| #define HAVE_SYS_UIO_H 1
| #define HAVE_INTTYPES_H 1
| #define HAVE_SYS_TYPES_H 1
| #define HAVE_MACHINE_TYPES_H 1
| #define HAVE_SYS_SOCKET_H 1
| #define HAVE_NETINET_IN_H 1
| #define HAVE_ARPA_INET_H 1
| #define HAVE_INT8_T 1
| #define HAVE_UINT8_T 1
| #define HAVE_INT16_T 1
| #define HAVE_UINT16_T 1
| #define HAVE_INT32_T 1
| #define HAVE_UINT32_T 1
| /* end confdefs.h.  */
| #include <stdio.h>
| #ifdef HAVE_SYS_TYPES_H
| # include <sys/types.h>
| #endif
| #ifdef HAVE_SYS_STAT_H
| # include <sys/stat.h>
| #endif
| #ifdef STDC_HEADERS
| # include <stdlib.h>
| # include <stddef.h>
| #else
| # ifdef HAVE_STDLIB_H
| #  include <stdlib.h>
| # endif
| #endif
| #ifdef HAVE_STRING_H
| # if !defined STDC_HEADERS && defined HAVE_MEMORY_H
| #  include <memory.h>
| # endif
| # include <string.h>
| #endif
| #ifdef HAVE_STRINGS_H
| # include <strings.h>
| #endif
| #ifdef HAVE_INTTYPES_H
| # include <inttypes.h>
| #endif
| #ifdef HAVE_STDINT_H
| # include <stdint.h>
| #endif
| #ifdef HAVE_UNISTD_H
| # include <unistd.h>
| #endif
| int
| main ()
| {
| if (sizeof ((uint64_t)))
| 	    return 0;
|   ;
|   return 0;
| }
configure:5126: result: yes
configure:5140: checking size of unsigned long
configure:5145: gcc -o conftest -I/usr/local/include/  -L/usr/local/lib/ conftest.c  >&5
configure:5145: $? = 0
configure:5145: ./conftest
configure:5145: $? = 0
configure:5159: result: 8
configure:5173: checking size of unsigned long long
configure:5178: gcc -o conftest -I/usr/local/include/  -L/usr/local/lib/ conftest.c  >&5
configure:5178: $? = 0
configure:5178: ./conftest
configure:5178: $? = 0
configure:5192: result: 8
configure:5203: checking for an ANSI C-conforming const
configure:5269: gcc -c -I/usr/local/include/  conftest.c >&5
configure:5269: $? = 0
configure:5276: result: yes
configure:5284: checking for inline
configure:5300: gcc -c -I/usr/local/include/  conftest.c >&5
configure:5300: $? = 0
configure:5308: result: inline
configure:5326: checking for size_t
configure:5326: gcc -c -I/usr/local/include/  conftest.c >&5
configure:5326: $? = 0
configure:5326: gcc -c -I/usr/local/include/  conftest.c >&5
conftest.c:77:21: error: expected expression
if (sizeof ((size_t)))
                    ^
1 error generated.
configure:5326: $? = 1
configure: failed program was:
| /* confdefs.h */
| #define PACKAGE_NAME "libsrtp2"
| #define PACKAGE_TARNAME "libsrtp2"
| #define PACKAGE_VERSION "2.0.0-pre"
| #define PACKAGE_STRING "libsrtp2 2.0.0-pre"
| #define PACKAGE_BUGREPORT "https://github.com/cisco/libsrtp/issues"
| #define PACKAGE_URL ""
| #define STDC_HEADERS 1
| #define HAVE_SYS_TYPES_H 1
| #define HAVE_SYS_STAT_H 1
| #define HAVE_STDLIB_H 1
| #define HAVE_STRING_H 1
| #define HAVE_MEMORY_H 1
| #define HAVE_STRINGS_H 1
| #define HAVE_INTTYPES_H 1
| #define HAVE_STDINT_H 1
| #define HAVE_UNISTD_H 1
| #define CPU_CISC 1
| #define HAVE_X86 1
| #define STDC_HEADERS 1
| #define HAVE_STDLIB_H 1
| #define HAVE_UNISTD_H 1
| #define HAVE_STDINT_H 1
| #define HAVE_SYS_UIO_H 1
| #define HAVE_INTTYPES_H 1
| #define HAVE_SYS_TYPES_H 1
| #define HAVE_MACHINE_TYPES_H 1
| #define HAVE_SYS_SOCKET_H 1
| #define HAVE_NETINET_IN_H 1
| #define HAVE_ARPA_INET_H 1
| #define HAVE_INT8_T 1
| #define HAVE_UINT8_T 1
| #define HAVE_INT16_T 1
| #define HAVE_UINT16_T 1
| #define HAVE_INT32_T 1
| #define HAVE_UINT32_T 1
| #define HAVE_UINT64_T 1
| #define SIZEOF_UNSIGNED_LONG 8
| #define SIZEOF_UNSIGNED_LONG_LONG 8
| /* end confdefs.h.  */
| #include <stdio.h>
| #ifdef HAVE_SYS_TYPES_H
| # include <sys/types.h>
| #endif
| #ifdef HAVE_SYS_STAT_H
| # include <sys/stat.h>
| #endif
| #ifdef STDC_HEADERS
| # include <stdlib.h>
| # include <stddef.h>
| #else
| # ifdef HAVE_STDLIB_H
| #  include <stdlib.h>
| # endif
| #endif
| #ifdef HAVE_STRING_H
| # if !defined STDC_HEADERS && defined HAVE_MEMORY_H
| #  include <memory.h>
| # endif
| # include <string.h>
| #endif
| #ifdef HAVE_STRINGS_H
| # include <strings.h>
| #endif
| #ifdef HAVE_INTTYPES_H
| # include <inttypes.h>
| #endif
| #ifdef HAVE_STDINT_H
| # include <stdint.h>
| #endif
| #ifdef HAVE_UNISTD_H
| # include <unistd.h>
| #endif
| int
| main ()
| {
| if (sizeof ((size_t)))
| 	    return 0;
|   ;
|   return 0;
| }
configure:5326: result: yes
configure:5341: checking for socket
configure:5341: gcc -o conftest -I/usr/local/include/  -L/usr/local/lib/ conftest.c  >&5
configure:5341: $? = 0
configure:5341: result: yes
configure:5341: checking for inet_aton
configure:5341: gcc -o conftest -I/usr/local/include/  -L/usr/local/lib/ conftest.c  >&5
configure:5341: $? = 0
configure:5341: result: yes
configure:5341: checking for usleep
configure:5341: gcc -o conftest -I/usr/local/include/  -L/usr/local/lib/ conftest.c  >&5
configure:5341: $? = 0
configure:5341: result: yes
configure:5341: checking for sigaction
configure:5341: gcc -o conftest -I/usr/local/include/  -L/usr/local/lib/ conftest.c  >&5
configure:5341: $? = 0
configure:5341: result: yes
configure:5429: checking whether to compile in debugging
configure:5443: result: yes
configure:5446: checking whether to use ISMAcryp code
configure:5460: result: no
configure:5463: checking whether to leverage OpenSSL crypto
configure:5472: result: yes
configure:5475: checking for user specified OpenSSL directory
configure:5489: checking for dlopen in -ldl
configure:5514: gcc -o conftest -I/usr/local/include/ -I/usr/local/Cellar/openssl/1.0.2g/include   -L/usr/local/lib/ -L/usr/local/Cellar/openssl/1.0.2g/lib -lssl -lcrypto -lz conftest.c -ldl   >&5
configure:5514: $? = 0
configure:5523: result: yes
configure:5537: checking for inflate in -lz
configure:5562: gcc -o conftest -I/usr/local/include/ -I/usr/local/Cellar/openssl/1.0.2g/include   -L/usr/local/lib/ -L/usr/local/Cellar/openssl/1.0.2g/lib -lssl -lcrypto -lz conftest.c -lz  -ldl  >&5
configure:5562: $? = 0
configure:5571: result: yes
configure:5585: checking for EVP_EncryptInit in -lcrypto
configure:5610: gcc -o conftest -I/usr/local/include/ -I/usr/local/Cellar/openssl/1.0.2g/include   -L/usr/local/lib/ -L/usr/local/Cellar/openssl/1.0.2g/lib -lssl -lcrypto -lz conftest.c -lcrypto  -lz -ldl  >&5
configure:5610: $? = 0
configure:5619: result: yes
configure:5635: checking for EVP_aes_128_ctr in -lcrypto
configure:5660: gcc -o conftest -I/usr/local/include/ -I/usr/local/Cellar/openssl/1.0.2g/include   -L/usr/local/lib/ -L/usr/local/Cellar/openssl/1.0.2g/lib -lssl -lcrypto -lz conftest.c -lcrypto  -lcrypto -lz -ldl  >&5
configure:5660: $? = 0
configure:5669: result: yes
configure:5685: checking for EVP_aes_128_gcm in -lcrypto
configure:5710: gcc -o conftest -I/usr/local/include/ -I/usr/local/Cellar/openssl/1.0.2g/include   -L/usr/local/lib/ -L/usr/local/Cellar/openssl/1.0.2g/lib -lssl -lcrypto -lz conftest.c -lcrypto  -lcrypto -lcrypto -lz -ldl  >&5
configure:5710: $? = 0
configure:5719: result: yes
configure:5743: checking whether to leverage OpenSSL KDF algorithm
configure:5752: result: no
configure:5816: checking for pcap_create in -lpcap
configure:5841: gcc -o conftest -I/usr/local/include/ -I/usr/local/Cellar/openssl/1.0.2g/include   -L/usr/local/lib/ -L/usr/local/Cellar/openssl/1.0.2g/lib -lssl -lcrypto -lz conftest.c -lpcap  -lcrypto -lcrypto -lcrypto -lz -ldl  >&5
configure:5841: $? = 0
configure:5850: result: yes
configure:5864: checking whether to use stdout for error reporting
configure:5878: result: no
configure:5881: checking whether to use /dev/console for error reporting
configure:5898: result: no
configure:5906: checking for pkg-config
configure:5922: found /usr/local/bin/pkg-config
configure:5933: result: yes
configure:6066: creating ./config.status

## ---------------------- ##
## Running config.status. ##
## ---------------------- ##

This file was extended by libsrtp2 config.status 2.0.0-pre, which was
generated by GNU Autoconf 2.69.  Invocation command line was

  CONFIG_FILES    = 
  CONFIG_HEADERS  = 
  CONFIG_LINKS    = 
  CONFIG_COMMANDS = 
  $ ./config.status 

on Shaynes-MacBook-Pro.local

config.status:856: creating libsrtp2.pc
config.status:856: creating Makefile
config.status:856: creating crypto/Makefile
config.status:856: creating doc/Makefile
config.status:856: creating crypto/include/config.h

## ---------------- ##
## Cache variables. ##
## ---------------- ##

ac_cv_build=x86_64-apple-darwin15.4.0
ac_cv_c_bigendian=no
ac_cv_c_compiler_gnu=yes
ac_cv_c_const=yes
ac_cv_c_inline=inline
ac_cv_env_CC_set=
ac_cv_env_CC_value=
ac_cv_env_CFLAGS_set=set
ac_cv_env_CFLAGS_value=-I/usr/local/include/
ac_cv_env_CPPFLAGS_set=
ac_cv_env_CPPFLAGS_value=
ac_cv_env_CPP_set=
ac_cv_env_CPP_value=
ac_cv_env_LDFLAGS_set=set
ac_cv_env_LDFLAGS_value=-L/usr/local/lib/
ac_cv_env_LIBS_set=
ac_cv_env_LIBS_value=
ac_cv_env_build_alias_set=
ac_cv_env_build_alias_value=
ac_cv_env_host_alias_set=
ac_cv_env_host_alias_value=
ac_cv_env_target_alias_set=
ac_cv_env_target_alias_value=
ac_cv_func_inet_aton=yes
ac_cv_func_sigaction=yes
ac_cv_func_socket=yes
ac_cv_func_usleep=yes
ac_cv_header_arpa_inet_h=yes
ac_cv_header_byteswap_h=no
ac_cv_header_inttypes_h=yes
ac_cv_header_machine_types_h=yes
ac_cv_header_memory_h=yes
ac_cv_header_netinet_in_h=yes
ac_cv_header_stdc=yes
ac_cv_header_stdint_h=yes
ac_cv_header_stdlib_h=yes
ac_cv_header_string_h=yes
ac_cv_header_strings_h=yes
ac_cv_header_sys_int_types_h=no
ac_cv_header_sys_socket_h=yes
ac_cv_header_sys_stat_h=yes
ac_cv_header_sys_types_h=yes
ac_cv_header_sys_uio_h=yes
ac_cv_header_unistd_h=yes
ac_cv_header_windows_h=no
ac_cv_host=x86_64-apple-darwin15.4.0
ac_cv_lib_crypto_EVP_EncryptInit=yes
ac_cv_lib_crypto_EVP_aes_128_ctr=yes
ac_cv_lib_crypto_EVP_aes_128_gcm=yes
ac_cv_lib_dl_dlopen=yes
ac_cv_lib_pcap_pcap_create=yes
ac_cv_lib_z_inflate=yes
ac_cv_objext=o
ac_cv_path_EGREP='/usr/bin/grep -E'
ac_cv_path_GREP=/usr/bin/grep
ac_cv_path_install='/usr/bin/install -c'
ac_cv_prog_CPP='gcc -E'
ac_cv_prog_PKG_CONFIG=yes
ac_cv_prog_ac_ct_AR=ar
ac_cv_prog_ac_ct_CC=gcc
ac_cv_prog_ac_ct_RANLIB=ranlib
ac_cv_prog_cc_c89=
ac_cv_prog_cc_g=yes
ac_cv_sizeof_unsigned_long=8
ac_cv_sizeof_unsigned_long_long=8
ac_cv_type_int16_t=yes
ac_cv_type_int32_t=yes
ac_cv_type_int8_t=yes
ac_cv_type_size_t=yes
ac_cv_type_uint16_t=yes
ac_cv_type_uint32_t=yes
ac_cv_type_uint64_t=yes
ac_cv_type_uint8_t=yes
am_cv_ar_interface=ar

## ----------------- ##
## Output variables. ##
## ----------------- ##

AES_ICM_OBJS='crypto/cipher/aes_icm_ossl.o crypto/cipher/aes_gcm_ossl.o'
AR='ar'
CC='gcc'
CFLAGS='-I/usr/local/include/ -I/usr/local/Cellar/openssl/1.0.2g/include '
CPP='gcc -E'
CPPFLAGS=''
DEFS='-DHAVE_CONFIG_H'
ECHO_C='\c'
ECHO_N=''
ECHO_T=''
EGREP='/usr/bin/grep -E'
EXE=''
EXEEXT=''
GREP='/usr/bin/grep'
HAVE_PCAP='1'
HAVE_PKG_CONFIG='1'
HMAC_OBJS='crypto/hash/hmac_ossl.o'
INSTALL_DATA='${INSTALL} -m 644'
INSTALL_PROGRAM='${INSTALL}'
INSTALL_SCRIPT='${INSTALL}'
LDFLAGS='-L/usr/local/lib/ -L/usr/local/Cellar/openssl/1.0.2g/lib -lssl -lcrypto -lz'
LIBOBJS=''
LIBS='-lpcap -lcrypto -lcrypto -lcrypto -lz -ldl '
LTLIBOBJS=''
OBJEXT='o'
PACKAGE_BUGREPORT='https://github.com/cisco/libsrtp/issues'
PACKAGE_NAME='libsrtp2'
PACKAGE_STRING='libsrtp2 2.0.0-pre'
PACKAGE_TARNAME='libsrtp2'
PACKAGE_URL=''
PACKAGE_VERSION='2.0.0-pre'
PATH_SEPARATOR=':'
PKG_CONFIG='yes'
RANLIB='ranlib'
SHELL='/bin/sh'
USE_OPENSSL='1'
ac_ct_AR='ar'
ac_ct_CC='gcc'
bindir='${exec_prefix}/bin'
build='x86_64-apple-darwin15.4.0'
build_alias=''
build_cpu='x86_64'
build_os='darwin15.4.0'
build_vendor='apple'
datadir='${datarootdir}'
datarootdir='${prefix}/share'
docdir='${datarootdir}/doc/${PACKAGE_TARNAME}'
dvidir='${docdir}'
exec_prefix='${prefix}'
host='x86_64-apple-darwin15.4.0'
host_alias=''
host_cpu='x86_64'
host_os='darwin15.4.0'
host_vendor='apple'
htmldir='${docdir}'
includedir='${prefix}/include'
infodir='${datarootdir}/info'
libdir='${exec_prefix}/lib'
libexecdir='${exec_prefix}/libexec'
localedir='${datarootdir}/locale'
localstatedir='${prefix}/var'
mandir='${datarootdir}/man'
oldincludedir='/usr/include'
pdfdir='${docdir}'
prefix='/usr/local'
program_transform_name='s,x,x,'
psdir='${docdir}'
sbindir='${exec_prefix}/sbin'
sharedstatedir='${prefix}/com'
sysconfdir='${prefix}/etc'
target_alias=''

## ----------- ##
## confdefs.h. ##
## ----------- ##

/* confdefs.h */
#define PACKAGE_NAME "libsrtp2"
#define PACKAGE_TARNAME "libsrtp2"
#define PACKAGE_VERSION "2.0.0-pre"
#define PACKAGE_STRING "libsrtp2 2.0.0-pre"
#define PACKAGE_BUGREPORT "https://github.com/cisco/libsrtp/issues"
#define PACKAGE_URL ""
#define STDC_HEADERS 1
#define HAVE_SYS_TYPES_H 1
#define HAVE_SYS_STAT_H 1
#define HAVE_STDLIB_H 1
#define HAVE_STRING_H 1
#define HAVE_MEMORY_H 1
#define HAVE_STRINGS_H 1
#define HAVE_INTTYPES_H 1
#define HAVE_STDINT_H 1
#define HAVE_UNISTD_H 1
#define CPU_CISC 1
#define HAVE_X86 1
#define STDC_HEADERS 1
#define HAVE_STDLIB_H 1
#define HAVE_UNISTD_H 1
#define HAVE_STDINT_H 1
#define HAVE_SYS_UIO_H 1
#define HAVE_INTTYPES_H 1
#define HAVE_SYS_TYPES_H 1
#define HAVE_MACHINE_TYPES_H 1
#define HAVE_SYS_SOCKET_H 1
#define HAVE_NETINET_IN_H 1
#define HAVE_ARPA_INET_H 1
#define HAVE_INT8_T 1
#define HAVE_UINT8_T 1
#define HAVE_INT16_T 1
#define HAVE_UINT16_T 1
#define HAVE_INT32_T 1
#define HAVE_UINT32_T 1
#define HAVE_UINT64_T 1
#define SIZEOF_UNSIGNED_LONG 8
#define SIZEOF_UNSIGNED_LONG_LONG 8
#define HAVE_SOCKET 1
#define HAVE_INET_ATON 1
#define HAVE_USLEEP 1
#define HAVE_SIGACTION 1
#define ENABLE_DEBUGGING 1
#define HAVE_LIBDL 1
#define HAVE_LIBZ 1
#define HAVE_LIBCRYPTO 1
#define HAVE_LIBCRYPTO 1
#define HAVE_LIBCRYPTO 1
#define OPENSSL 1
#define HAVE_PCAP 1

configure: exit 0
